POST /api/v1/auth/register/ 400 12.518 ms
POST /api/v1/auth/register/ 400 13.917 ms
POST /api/v1/auth/register 400 32.232 ms
POST /api/v1/auth/register 400 19.277 ms
POST /api/v1/auth/register 400 46.860 ms
POST /api/v1/auth/register 400 6.334 ms
POST /api/v1/auth/register 400 3.529 ms
POST /api/v1/auth/register 400 4.273 ms
POST /api/v1/auth/register 400 2.951 ms
POST /api/v1/auth/register 400 2.652 ms
POST /api/v1/auth/register 201 310.768 ms
POST /api/v1/auth/register 400 9.965 ms
POST /api/v1/auth/login 400 4.579 ms
POST /api/v1/auth/login 400 196.434 ms
POST /api/v1/auth/login 429 1.522 ms
POST /api/v1/auth/login 429 0.740 ms
POST /api/v1/auth/login 200 238.452 ms
POST /api/v1/auth/login 200 262.084 ms
GET /api/v1/properties 200 250.741 ms
POST /api/v1/properties 403 4.790 ms
POST /api/v1/properties 403 182.463 ms
POST /api/v1/properties 201 127.531 ms
GET /api/v1/properties 200 20.677 ms
GET /api/v1/properties 200 12.397 ms
GET /api/v1/properties/2 404 270.609 ms
GET /api/v1/properties/1 200 7.179 ms
POST /api/v1/properties 201 907.099 ms
GET /api/v1/properties 200 161.865 ms
GET /api/v1/properties/2 200 403.558 ms
PUT /api/v1/properties/1 403 1.908 ms
PUT /api/v1/properties/1 200 250.846 ms
GET /api/v1/properties/2 200 268.221 ms
GET /api/v1/properties/1 200 799.509 ms
DELETE /api/v1/properties/2 200 388.877 ms
GET /api/v1/properties 200 23.509 ms
POST /api/v1/properties 201 51.772 ms
GET /api/v1/properties 200 16.269 ms
